<?xml version="1.0" encoding="UTF-8"?>
<testng-results ignored="0" total="1" passed="1" failed="0" skipped="0">
  <reporter-output>
  </reporter-output>
  <suite started-at="2020-03-28T20:30:13 IST" name="Default suite" finished-at="2020-03-28T20:30:17 IST" duration-ms="4179">
    <groups>
    </groups>
    <test started-at="2020-03-28T20:30:13 IST" name="Default test" finished-at="2020-03-28T20:30:17 IST" duration-ms="4179">
      <class name="com.project.testcases.Basic2Test">
        <test-method is-config="true" signature="setup()[pri:0, instance:com.project.testcases.Basic2Test@2805c96b]" started-at="2020-03-28T20:30:13 IST" name="setup" finished-at="2020-03-28T20:30:17 IST" duration-ms="4130" status="PASS">
          <reporter-output>
          </reporter-output>
        </test-method> <!-- setup -->
        <test-method signature="mainTest()[pri:0, instance:com.project.testcases.Basic2Test@2805c96b]" started-at="2020-03-28T20:30:17 IST" name="mainTest" finished-at="2020-03-28T20:30:17 IST" duration-ms="4" status="PASS">
          <reporter-output>
          </reporter-output>
        </test-method> <!-- mainTest -->
        <test-method is-config="true" signature="cleanup()[pri:0, instance:com.project.testcases.Basic2Test@2805c96b]" started-at="2020-03-28T20:30:17 IST" name="cleanup" finished-at="2020-03-28T20:30:17 IST" duration-ms="15" status="PASS">
          <reporter-output>
          </reporter-output>
        </test-method> <!-- cleanup -->
      </class> <!-- com.project.testcases.Basic2Test -->
    </test> <!-- Default test -->
  </suite> <!-- Default suite -->
</testng-results>
